<?xml version="1.0" encoding="UTF-8"?>
<testng-results skipped="0" failed="0" ignored="0" total="2" passed="2">
  <reporter-output>
  </reporter-output>
  <suite name="nopCommerceV2" duration-ms="22335" started-at="2020-09-03T04:58:42Z" finished-at="2020-09-03T04:59:04Z">
    <groups>
    </groups>
    <test name="Test1" duration-ms="22335" started-at="2020-09-03T04:58:42Z" finished-at="2020-09-03T04:59:04Z">
      <class name="com.nopcommerceV2.testCases.TC_LoginTest_001">
        <test-method status="PASS" signature="setup(java.lang.String)[pri:0, instance:com.nopcommerceV2.testCases.TC_LoginTest_001@5cdd8682]" name="setup" is-config="true" duration-ms="2715" started-at="2020-09-03T04:58:42Z" finished-at="2020-09-03T04:58:44Z">
          <params>
            <param index="0">
              <value>
                <![CDATA[chrome]]>
              </value>
            </param>
          </params>
          <reporter-output>
          </reporter-output>
        </test-method> <!-- setup -->
        <test-method status="PASS" signature="loginTest()[pri:0, instance:com.nopcommerceV2.testCases.TC_LoginTest_001@5cdd8682]" name="loginTest" duration-ms="9078" started-at="2020-09-03T04:58:44Z" finished-at="2020-09-03T04:58:53Z">
          <reporter-output>
          </reporter-output>
        </test-method> <!-- loginTest -->
        <test-method status="PASS" signature="tearDown()[pri:0, instance:com.nopcommerceV2.testCases.TC_LoginTest_001@5cdd8682]" name="tearDown" is-config="true" duration-ms="97" started-at="2020-09-03T04:58:53Z" finished-at="2020-09-03T04:58:54Z">
          <reporter-output>
          </reporter-output>
        </test-method> <!-- tearDown -->
      </class> <!-- com.nopcommerceV2.testCases.TC_LoginTest_001 -->
      <class name="com.nopcommerceV2.testCases.TC_AddcustomerTest_003">
        <test-method status="PASS" signature="setup(java.lang.String)[pri:0, instance:com.nopcommerceV2.testCases.TC_AddcustomerTest_003@d6da883]" name="setup" is-config="true" duration-ms="1910" started-at="2020-09-03T04:58:54Z" finished-at="2020-09-03T04:58:56Z">
          <params>
            <param index="0">
              <value>
                <![CDATA[chrome]]>
              </value>
            </param>
          </params>
          <reporter-output>
          </reporter-output>
        </test-method> <!-- setup -->
        <test-method status="PASS" signature="AddNewCustomer()[pri:0, instance:com.nopcommerceV2.testCases.TC_AddcustomerTest_003@d6da883]" name="AddNewCustomer" duration-ms="8100" started-at="2020-09-03T04:58:56Z" finished-at="2020-09-03T04:59:04Z">
          <reporter-output>
          </reporter-output>
        </test-method> <!-- AddNewCustomer -->
        <test-method status="PASS" signature="tearDown()[pri:0, instance:com.nopcommerceV2.testCases.TC_AddcustomerTest_003@d6da883]" name="tearDown" is-config="true" duration-ms="263" started-at="2020-09-03T04:59:04Z" finished-at="2020-09-03T04:59:04Z">
          <reporter-output>
          </reporter-output>
        </test-method> <!-- tearDown -->
      </class> <!-- com.nopcommerceV2.testCases.TC_AddcustomerTest_003 -->
    </test> <!-- Test1 -->
  </suite> <!-- nopCommerceV2 -->
</testng-results>
